<?xml version="1.0" encoding="UTF-8"?>
<testsuite xmlns:xsi="http://www.w3.org/2001/XMLSchema-instance" xsi:noNamespaceSchemaLocation="https://maven.apache.org/surefire/maven-surefire-plugin/xsd/surefire-test-report.xsd" name="co.empathy.academy.demo_search.service.RestServiceImplTest" time="0.236" tests="3" errors="0" skipped="0" failures="0">
  <properties>
[...]
</properties>
  <testcase name="givenAnyUrl_whenGetUrlJSON_thenJSONObjectIsReturned" classname="co.empathy.academy.demo_search.service.RestServiceImplTest" time="0.027"/>
  <testcase name="givenAnyUrl_whenGetUrl_thenTheAskedForObjectIsReturned" classname="co.empathy.academy.demo_search.service.RestServiceImplTest" time="0.006"/>
  <testcase name="givenAnyUrlAndAnyJson_whenPostJSON_thenJsonObjectIsPosted" classname="co.empathy.academy.demo_search.service.RestServiceImplTest" time="0.203"/>
</testsuite>